<?xml version="1.0" encoding="utf-8"?>
<CoverageSession>
  <Summary numSequencePoints="12" visitedSequencePoints="12" numBranchPoints="12" visitedBranchPoints="12" sequenceCoverage="1" branchCoverage="1" maxCyclomaticComplexity="0" minCyclomaticComplexity="0" visitedClasses="1" numClasses="1" visitedMethods="3" numMethods="3" />
  <Modules>
    <Module hash="D0A1B176-D520-40A1-A955-21E737691251">
      <ModulePath>/Users/anansan/JHILL/github/TribalScale/sonarqubeDemo/source/Math/Math.Test/bin/Debug/netcoreapp2.1/Math.dll</ModulePath>
      <ModuleTime>2019-03-06T08:55:44</ModuleTime>
      <ModuleName>Math</ModuleName>
      <Files>
        <File uid="1" fullPath="/Users/anansan/JHILL/github/TribalScale/sonarqubeDemo/source/Math/Math/SimpleMath.cs" />
      </Files>
      <Classes>
        <Class>
          <Summary numSequencePoints="12" visitedSequencePoints="12" numBranchPoints="2" visitedBranchPoints="2" sequenceCoverage="1" branchCoverage="1" maxCyclomaticComplexity="0" minCyclomaticComplexity="0" visitedClasses="1" numClasses="1" visitedMethods="3" numMethods="3" />
          <FullName>Math.Api.SimpleMath</FullName>
          <Methods>
            <Method cyclomaticComplexity="0" nPathComplexity="0" sequenceCoverage="1" branchCoverage="0" isConstructor="False" isGetter="False" isSetter="False" isStatic="True">
              <Summary numSequencePoints="3" visitedSequencePoints="3" numBranchPoints="0" visitedBranchPoints="0" sequenceCoverage="1" branchCoverage="0" maxCyclomaticComplexity="0" minCyclomaticComplexity="0" visitedClasses="0" numClasses="0" visitedMethods="1" numMethods="1" />
              <MetadataToken />
              <Name>System.Int32 Math.Api.SimpleMath::add(System.Int32,System.Int32)</Name>
              <FileRef uid="1" />
              <SequencePoints>
                <SequencePoint vc="2" upsid="5" ordinal="0" sl="5" sc="1" el="5" ec="2" bec="0" bev="0" fileid="1" />
                <SequencePoint vc="2" upsid="6" ordinal="1" sl="6" sc="1" el="6" ec="2" bec="0" bev="0" fileid="1" />
                <SequencePoint vc="2" upsid="7" ordinal="2" sl="7" sc="1" el="7" ec="2" bec="0" bev="0" fileid="1" />
              </SequencePoints>
              <BranchPoints />
              <MethodPoint vc="3" upsid="0" p8:type="SequencePoint" ordinal="0" offset="0" sc="0" sl="5" ec="1" el="7" bec="0" bev="0" fileid="1" xmlns:p8="xsi" />
            </Method>
            <Method cyclomaticComplexity="0" nPathComplexity="0" sequenceCoverage="1" branchCoverage="0" isConstructor="False" isGetter="False" isSetter="False" isStatic="True">
              <Summary numSequencePoints="3" visitedSequencePoints="3" numBranchPoints="0" visitedBranchPoints="0" sequenceCoverage="1" branchCoverage="0" maxCyclomaticComplexity="0" minCyclomaticComplexity="0" visitedClasses="0" numClasses="0" visitedMethods="1" numMethods="1" />
              <MetadataToken />
              <Name>System.Int32 Math.Api.SimpleMath::substract(System.Int32,System.Int32)</Name>
              <FileRef uid="1" />
              <SequencePoints>
                <SequencePoint vc="2" upsid="9" ordinal="0" sl="9" sc="1" el="9" ec="2" bec="0" bev="0" fileid="1" />
                <SequencePoint vc="2" upsid="10" ordinal="1" sl="10" sc="1" el="10" ec="2" bec="0" bev="0" fileid="1" />
                <SequencePoint vc="2" upsid="11" ordinal="2" sl="11" sc="1" el="11" ec="2" bec="0" bev="0" fileid="1" />
              </SequencePoints>
              <BranchPoints />
              <MethodPoint vc="3" upsid="0" p8:type="SequencePoint" ordinal="1" offset="1" sc="0" sl="9" ec="1" el="11" bec="0" bev="0" fileid="1" xmlns:p8="xsi" />
            </Method>
            <Method cyclomaticComplexity="0" nPathComplexity="0" sequenceCoverage="1" branchCoverage="1" isConstructor="False" isGetter="False" isSetter="False" isStatic="True">
              <Summary numSequencePoints="6" visitedSequencePoints="6" numBranchPoints="2" visitedBranchPoints="2" sequenceCoverage="1" branchCoverage="1" maxCyclomaticComplexity="0" minCyclomaticComplexity="0" visitedClasses="0" numClasses="0" visitedMethods="1" numMethods="1" />
              <MetadataToken />
              <Name>System.Decimal Math.Api.SimpleMath::divide(System.Int32,System.Int32)</Name>
              <FileRef uid="1" />
              <SequencePoints>
                <SequencePoint vc="2" upsid="13" ordinal="0" sl="13" sc="1" el="13" ec="2" bec="0" bev="0" fileid="1" />
                <SequencePoint vc="3" upsid="14" ordinal="1" sl="14" sc="1" el="14" ec="2" bec="0" bev="0" fileid="1" />
                <SequencePoint vc="1" upsid="15" ordinal="2" sl="15" sc="1" el="15" ec="2" bec="0" bev="0" fileid="1" />
                <SequencePoint vc="1" upsid="16" ordinal="3" sl="16" sc="1" el="16" ec="2" bec="0" bev="0" fileid="1" />
                <SequencePoint vc="1" upsid="18" ordinal="4" sl="18" sc="1" el="18" ec="2" bec="0" bev="0" fileid="1" />
                <SequencePoint vc="1" upsid="20" ordinal="5" sl="20" sc="1" el="20" ec="2" bec="0" bev="0" fileid="1" />
              </SequencePoints>
              <BranchPoints>
                <BranchPoint vc="1" upsid="14" ordinal="0" path="0" offset="7" offsetend="9" sl="14" fileid="1" />
                <BranchPoint vc="1" upsid="14" ordinal="1" path="1" offset="7" offsetend="16" sl="14" fileid="1" />
              </BranchPoints>
              <MethodPoint vc="6" upsid="0" p8:type="SequencePoint" ordinal="2" offset="2" sc="0" sl="13" ec="1" el="20" bec="0" bev="0" fileid="1" xmlns:p8="xsi" />
            </Method>
          </Methods>
        </Class>
      </Classes>
    </Module>
  </Modules>
</CoverageSession>